<?xml version="1.0" encoding="UTF-8"?>
<testng-results ignored="0" total="1" passed="1" failed="0" skipped="0">
  <reporter-output>
  </reporter-output>
  <suite started-at="2023-05-27T13:12:30 IST" name="Default suite" finished-at="2023-05-27T13:12:31 IST" duration-ms="380">
    <groups>
    </groups>
    <test started-at="2023-05-27T13:12:30 IST" name="Default test" finished-at="2023-05-27T13:12:31 IST" duration-ms="380">
      <class name="Java_Project.ReverseString">
        <test-method signature="stringReverse()[pri:0, instance:Java_Project.ReverseString@5fbdfdcf]" started-at="2023-05-27T13:12:30 IST" name="stringReverse" finished-at="2023-05-27T13:12:30 IST" duration-ms="12" status="PASS">
          <reporter-output>
          </reporter-output>
        </test-method> <!-- stringReverse -->
      </class> <!-- Java_Project.ReverseString -->
    </test> <!-- Default test -->
  </suite> <!-- Default suite -->
</testng-results>
